<?xml version="1.0" encoding="UTF-8" ?>
<testsuite tests="59" failures="0" name="br.com.contmatic.empresa.EmpresaTest" time="0.266" errors="0" skipped="0">
  <properties>
[...]
</properties>
  <testcase classname="br.com.contmatic.empresa.EmpresaTest" name="deve_armazenar_nome_completo_proprietario_vazio" time="0.006"/>
  <testcase classname="br.com.contmatic.empresa.EmpresaTest" name="deve_verificar_razao_social_vazia" time="0.007"/>
  <testcase classname="br.com.contmatic.empresa.EmpresaTest" name="deve_armazenar_nome_completo_proprietario_com_numeros" time="0.006"/>
  <testcase classname="br.com.contmatic.empresa.EmpresaTest" name="deve_verificar_razao_social_com_especiais_e_numeros" time="0.007"/>
  <testcase classname="br.com.contmatic.empresa.EmpresaTest" name="deve_conferir_saida_nome_to_string" time="0.001"/>
  <testcase classname="br.com.contmatic.empresa.EmpresaTest" name="deve_verificar_nome_blank" time="0.007"/>
  <testcase classname="br.com.contmatic.empresa.EmpresaTest" name="deve_armazenar_entrada_de_dados_razao_social_com_especos_apenas" time="0.005"/>
  <testcase classname="br.com.contmatic.empresa.EmpresaTest" name="deve_verificar_construtor_com_dados_iguais" time="0.001"/>
  <testcase classname="br.com.contmatic.empresa.EmpresaTest" name="deve_verificar_proprietarios_incompleto" time="0.005"/>
  <testcase classname="br.com.contmatic.empresa.EmpresaTest" name="deve_verificar_endereco_gerados_com_objetos_fake" time="0.004"/>
  <testcase classname="br.com.contmatic.empresa.EmpresaTest" name="deve_verificar_dados_gerados_razao_social_com_objetos_fake" time="0.005"/>
  <testcase classname="br.com.contmatic.empresa.EmpresaTest" name="deve_verificar_proprietarios_nulo" time="0.005"/>
  <testcase classname="br.com.contmatic.empresa.EmpresaTest" name="deve_armazenar_entrada_de_dados_telefones" time="0.004"/>
  <testcase classname="br.com.contmatic.empresa.EmpresaTest" name="deve_verificar_endereco_correto" time="0.007"/>
  <testcase classname="br.com.contmatic.empresa.EmpresaTest" name="deve_armazenar_entrada_de_dados_razao_social_com_numeros_letras" time="0.004"/>
  <testcase classname="br.com.contmatic.empresa.EmpresaTest" name="deve_verificar_construtor_da_classe_com_os_mesmos_dados" time="0.001"/>
  <testcase classname="br.com.contmatic.empresa.EmpresaTest" name="deve_verificar_cnpj_valido_simulado_com_entrada_de_dados" time="0.005"/>
  <testcase classname="br.com.contmatic.empresa.EmpresaTest" name="deve_verificar_cnpj_nulo" time="0.004"/>
  <testcase classname="br.com.contmatic.empresa.EmpresaTest" name="deve_verificar_cnpj_empty" time="0.009"/>
  <testcase classname="br.com.contmatic.empresa.EmpresaTest" name="deve_verificar_nome_com_numeros" time="0.005"/>
  <testcase classname="br.com.contmatic.empresa.EmpresaTest" name="deve_armazenar_nome_completo_proprietario_com_especiais" time="0.005"/>
  <testcase classname="br.com.contmatic.empresa.EmpresaTest" name="deve_verificar_proprietarios_com_entrada_numerica" time="0.004"/>
  <testcase classname="br.com.contmatic.empresa.EmpresaTest" name="deve_verificar_classes_iguais_com_novo_objeto" time="0.007"/>
  <testcase classname="br.com.contmatic.empresa.EmpresaTest" name="deve_conferir_saida_proprietarios_to_string" time="0.001"/>
  <testcase classname="br.com.contmatic.empresa.EmpresaTest" name="deve_verificar_nome_null" time="0.007"/>
  <testcase classname="br.com.contmatic.empresa.EmpresaTest" name="deve_conferir_saida_razao_social_to_string" time="0.001"/>
  <testcase classname="br.com.contmatic.empresa.EmpresaTest" name="deve_setar_entrada_nome_empresa_simulando_entrada_do_usuario" time="0.007"/>
  <testcase classname="br.com.contmatic.empresa.EmpresaTest" name="deve_verificar_proprietarios_vazioa" time="0.007"/>
  <testcase classname="br.com.contmatic.empresa.EmpresaTest" name="deve_verificar_telefone_nulo" time="0.007"/>
  <testcase classname="br.com.contmatic.empresa.EmpresaTest" name="deve_validar_cnpj_iguais" time="0.001"/>
  <testcase classname="br.com.contmatic.empresa.EmpresaTest" name="deve_conferir_saida_cnpj_to_string" time="0"/>
  <testcase classname="br.com.contmatic.empresa.EmpresaTest" name="deve_verificar_razao_social_com_sem_espaco" time="0.005"/>
  <testcase classname="br.com.contmatic.empresa.EmpresaTest" name="deve_aceitar_entrada_proprietario_not_null_gerado_com_objeto_fake" time="0.001"/>
  <testcase classname="br.com.contmatic.empresa.EmpresaTest" name="deve_armazenar_endereco_nulo" time="0.004"/>
  <testcase classname="br.com.contmatic.empresa.EmpresaTest" name="deve_verificar_telefone_correto" time="0.005"/>
  <testcase classname="br.com.contmatic.empresa.EmpresaTest" name="deve_armazenar_nome_completo_proprietario_simulado_com_entrada_de_dados" time="0.005"/>
  <testcase classname="br.com.contmatic.empresa.EmpresaTest" name="deve_verificar_igualdade_de_classes_null" time="0"/>
  <testcase classname="br.com.contmatic.empresa.EmpresaTest" name="deve_setar_endereco_simulando_entrada_de_dados_com_objetos_fake" time="0.004"/>
  <testcase classname="br.com.contmatic.empresa.EmpresaTest" name="deve_verificar_nome_somente_letras" time="0.005"/>
  <testcase classname="br.com.contmatic.empresa.EmpresaTest" name="deve_verificar_razao_social_com_numeros" time="0.008"/>
  <testcase classname="br.com.contmatic.empresa.EmpresaTest" name="deve_armazenar_entrada_de_dados_razao_social_com_especiais" time="0.004"/>
  <testcase classname="br.com.contmatic.empresa.EmpresaTest" name="deve_mostrar_as_classes_e_construtores_to_string" time="0.002"/>
  <testcase classname="br.com.contmatic.empresa.EmpresaTest" name="deve_verificar_cnpj_com_acentuação" time="0.007"/>
  <testcase classname="br.com.contmatic.empresa.EmpresaTest" name="deve_verificar_cnpj_valido_gerado_pelo_objeto_fake" time="0.006"/>
  <testcase classname="br.com.contmatic.empresa.EmpresaTest" name="deve_armazenar_nome_completo_proprietario_nulo" time="0.006"/>
  <testcase classname="br.com.contmatic.empresa.EmpresaTest" name="deve_armazenar_entrada_de_dados_razao_social" time="0.006"/>
  <testcase classname="br.com.contmatic.empresa.EmpresaTest" name="deve_comparar_as_classes_diferentes" time="0.001"/>
  <testcase classname="br.com.contmatic.empresa.EmpresaTest" name="deve_verificar_razao_social_com_especiais" time="0.006"/>
  <testcase classname="br.com.contmatic.empresa.EmpresaTest" name="deve_verificar_razao_social_completa" time="0.006"/>
  <testcase classname="br.com.contmatic.empresa.EmpresaTest" name="deve_verificar_cnpj_invalido_com_letras_e_numeros" time="0.006"/>
  <testcase classname="br.com.contmatic.empresa.EmpresaTest" name="deve_armazenar_entrada_nome_empresa_com_objeto_fake" time="0.006"/>
  <testcase classname="br.com.contmatic.empresa.EmpresaTest" name="deve_conferir_saida_telefone_to_string" time="0.001"/>
  <testcase classname="br.com.contmatic.empresa.EmpresaTest" name="deve_conferir_saida_endereco_to_string" time="0.001"/>
  <testcase classname="br.com.contmatic.empresa.EmpresaTest" name="deve_verificar_cnpj_invalido_com_numeros_incompletos" time="0.005"/>
  <testcase classname="br.com.contmatic.empresa.EmpresaTest" name="deve_verificar_razao_social_nula" time="0.005"/>
  <testcase classname="br.com.contmatic.empresa.EmpresaTest" name="deve_verificar_cnpj_invalido_com_especiais" time="0.004"/>
  <testcase classname="br.com.contmatic.empresa.EmpresaTest" name="deve_verificar_endereco_nulo" time="0.004"/>
  <testcase classname="br.com.contmatic.empresa.EmpresaTest" name="deve_verificar_proprietarios_com_entrada_valida" time="0.004"/>
  <testcase classname="br.com.contmatic.empresa.EmpresaTest" name="deve_verificar_razao_social_incompleta" time="0.004"/>
</testsuite>