<?xml version="1.0" encoding="UTF-8" ?>
<testsuite tests="33" failures="0" name="br.com.contmatic.endereco.EnderecoTest" time="0.675" errors="0" skipped="0">
  <properties>
[...]
</properties>
  <testcase classname="br.com.contmatic.endereco.EnderecoTest" name="deve_verificar_saida_tipo" time="0.015"/>
  <testcase classname="br.com.contmatic.endereco.EnderecoTest" name="deve_armazenar_bairro_simulando_entrada_de_dados_do_usuario" time="0.02"/>
  <testcase classname="br.com.contmatic.endereco.EnderecoTest" name="deve_verificar_bairro_nulo" time="0.02"/>
  <testcase classname="br.com.contmatic.endereco.EnderecoTest" name="deve_setar_cep_simulando_entrada_de_dados_do_usuario" time="0.021"/>
  <testcase classname="br.com.contmatic.endereco.EnderecoTest" name="deve_verificar_tipo_nulo" time="0.019"/>
  <testcase classname="br.com.contmatic.endereco.EnderecoTest" name="deve_armazenar_rua_gerada_aleatoriamente_com_os_objetos_fake" time="0.025"/>
  <testcase classname="br.com.contmatic.endereco.EnderecoTest" name="deve_verificar_cep_incompleto" time="0.026"/>
  <testcase classname="br.com.contmatic.endereco.EnderecoTest" name="deve_armazenar_regiao_gerado_com_objetos_fake" time="0.02"/>
  <testcase classname="br.com.contmatic.endereco.EnderecoTest" name="deve_verificar_rua_numerica" time="0.023"/>
  <testcase classname="br.com.contmatic.endereco.EnderecoTest" name="deve_setar_numero_simulando_entrada_de_dados_do_usuario" time="0.02"/>
  <testcase classname="br.com.contmatic.endereco.EnderecoTest" name="deve_verificar_saida_bairro" time="0.017"/>
  <testcase classname="br.com.contmatic.endereco.EnderecoTest" name="deve_armazenar_numero_gerado_aleatoriamente_com_objetos_fake" time="0.025"/>
  <testcase classname="br.com.contmatic.endereco.EnderecoTest" name="deve_verificar_saida_numero" time="0.018"/>
  <testcase classname="br.com.contmatic.endereco.EnderecoTest" name="deve_verificar_saida_regiao" time="0.018"/>
  <testcase classname="br.com.contmatic.endereco.EnderecoTest" name="deve_verificar_regiao_simulando_entrada_de_dados_usuario" time="0.019"/>
  <testcase classname="br.com.contmatic.endereco.EnderecoTest" name="deve_verificar_cep_vazio" time="0.02"/>
  <testcase classname="br.com.contmatic.endereco.EnderecoTest" name="deve_armazenar_bairro_gerado_com_objetos_fake" time="0.02"/>
  <testcase classname="br.com.contmatic.endereco.EnderecoTest" name="deve_verificar_cep_nulo" time="0.019"/>
  <testcase classname="br.com.contmatic.endereco.EnderecoTest" name="deve_armazenar_tipo_gerado_sorteado_com_objetos_fake" time="0.02"/>
  <testcase classname="br.com.contmatic.endereco.EnderecoTest" name="deve_verificar_rua_vazia" time="0.019"/>
  <testcase classname="br.com.contmatic.endereco.EnderecoTest" name="deve_armazenar_tipo_setado_diretamente_simulando_entrada_de_dados_do_usuario" time="0.019"/>
  <testcase classname="br.com.contmatic.endereco.EnderecoTest" name="deve_comparar_as_classes_com_equals" time="0.033"/>
  <testcase classname="br.com.contmatic.endereco.EnderecoTest" name="deve_verificar_numero_maior_que_um" time="0.019"/>
  <testcase classname="br.com.contmatic.endereco.EnderecoTest" name="deve_verificar_regiao_numerico" time="0.019"/>
  <testcase classname="br.com.contmatic.endereco.EnderecoTest" name="deve_verificar_cep_com_letras" time="0.018"/>
  <testcase classname="br.com.contmatic.endereco.EnderecoTest" name="deve_verificar_saida_cep" time="0.016"/>
  <testcase classname="br.com.contmatic.endereco.EnderecoTest" name="deve_verificar_saida_rua" time="0.017"/>
  <testcase classname="br.com.contmatic.endereco.EnderecoTest" name="deve_comparar_as_classes_com_hashcode" time="0.034"/>
  <testcase classname="br.com.contmatic.endereco.EnderecoTest" name="deve_armazenar_rua_simulando_entrada_de_dados_do_usuario" time="0.019"/>
  <testcase classname="br.com.contmatic.endereco.EnderecoTest" name="deve_armazenar_cep_gerado_automaricamente_com_objetos_fake" time="0.019"/>
  <testcase classname="br.com.contmatic.endereco.EnderecoTest" name="deve_verificar_rua_nula" time="0.02"/>
  <testcase classname="br.com.contmatic.endereco.EnderecoTest" name="deve_verificar_regiao_nulo" time="0.019"/>
  <testcase classname="br.com.contmatic.endereco.EnderecoTest" name="deve_verificar_regiao_vazio" time="0.019"/>
</testsuite>