<?xml version="1.0" encoding="UTF-8" ?>
<testsuite tests="57" failures="0" name="br.com.contmatic.cliente.CadastroTest" time="2.197" errors="0" skipped="0">
  <properties>
[...]
</properties>
  <testcase classname="br.com.contmatic.cliente.CadastroTest" name="deve_simuloar_entrada_usuario_no_email_sem_user" time="0.64"/>
  <testcase classname="br.com.contmatic.cliente.CadastroTest" name="deve_armazenar_entrada_de_senha_vazia" time="0.058"/>
  <testcase classname="br.com.contmatic.cliente.CadastroTest" name="deve_armazenar_entrada_de_dados_rg" time="0.052"/>
  <testcase classname="br.com.contmatic.cliente.CadastroTest" name="deve_conferir_saida_rg_to_string" time="0.04"/>
  <testcase classname="br.com.contmatic.cliente.CadastroTest" name="deve_conferir_saida_nome_to_string" time="0.023"/>
  <testcase classname="br.com.contmatic.cliente.CadastroTest" name="deve_armazenar_entrada_de_senha" time="0.033"/>
  <testcase classname="br.com.contmatic.cliente.CadastroTest" name="deve_simuloar_entrada_usuario_no_email_com_caracteres_especiais" time="0.031"/>
  <testcase classname="br.com.contmatic.cliente.CadastroTest" name="deve_armazenar_entrada_de_dados_cpf_com_letras" time="0.031"/>
  <testcase classname="br.com.contmatic.cliente.CadastroTest" name="deve_simuloar_entrada_usuario_no_email_sem_com_br" time="0.038"/>
  <testcase classname="br.com.contmatic.cliente.CadastroTest" name="deve_simuloar_entrada_usuario_no_email" time="0.03"/>
  <testcase classname="br.com.contmatic.cliente.CadastroTest" name="deve_armazenar_entrada_de_dados_cpf_nulo" time="0.033"/>
  <testcase classname="br.com.contmatic.cliente.CadastroTest" name="deve_armazenar_entrada_de_senha_somente_especiais" time="0.033"/>
  <testcase classname="br.com.contmatic.cliente.CadastroTest" name="deve_verificar_construtor_da_classe_com_os_mesmos_dados" time="0.018"/>
  <testcase classname="br.com.contmatic.cliente.CadastroTest" name="deve_conferir_saida_senha_to_string" time="0.023"/>
  <testcase classname="br.com.contmatic.cliente.CadastroTest" name="deve_simuloar_entrada_usuario_no_email_sem_o_com" time="0.031"/>
  <testcase classname="br.com.contmatic.cliente.CadastroTest" name="deve_armazenar_entrada_de_dados_de_email_correto_simulando_o_comportamento_do_usuario" time="0.027"/>
  <testcase classname="br.com.contmatic.cliente.CadastroTest" name="deve_armazenar_entrada_de_dados_de_nome_correto_simulando_o_comportamento_do_usuario" time="0.023"/>
  <testcase classname="br.com.contmatic.cliente.CadastroTest" name="deve_armazenar_entrada_de_dados_de_nome_correto_menor_que_50_simulando_o_comportamento_do_usuario" time="0.024"/>
  <testcase classname="br.com.contmatic.cliente.CadastroTest" name="deve_armazenar_entrada_de_dados_de_email" time="0.038"/>
  <testcase classname="br.com.contmatic.cliente.CadastroTest" name="deve_verificar_rg_correto" time="0.03"/>
  <testcase classname="br.com.contmatic.cliente.CadastroTest" name="deve_simuloar_entrada_usuario_no_email_sem_dominio" time="0.031"/>
  <testcase classname="br.com.contmatic.cliente.CadastroTest" name="deve_conferir_saida_cpf_to_string" time="0.024"/>
  <testcase classname="br.com.contmatic.cliente.CadastroTest" name="deve_armazenar_entrada_de_dados_de_nome_incorreto_blank_simulando_o_comportamento_do_usuario" time="0.025"/>
  <testcase classname="br.com.contmatic.cliente.CadastroTest" name="deve_invalidar_caso_nome_null" time="0.025"/>
  <testcase classname="br.com.contmatic.cliente.CadastroTest" name="deve_armazenar_entrada_de_senha_nula" time="0.02"/>
  <testcase classname="br.com.contmatic.cliente.CadastroTest" name="deve_armazenar_entrada_de_dados_cpf_sem_os_digitos_verificadores" time="0.021"/>
  <testcase classname="br.com.contmatic.cliente.CadastroTest" name="deve_armazenar_entrada_de_dados_cpf_com_especiais" time="0.022"/>
  <testcase classname="br.com.contmatic.cliente.CadastroTest" name="deve_simuloar_entrada_usuario_no_email_maiusculo" time="0.023"/>
  <testcase classname="br.com.contmatic.cliente.CadastroTest" name="deve_simuloar_entrada_usuario_no_email_vazio" time="0.031"/>
  <testcase classname="br.com.contmatic.cliente.CadastroTest" name="deve_simuloar_entrada_usuario_no_email_nulo" time="0.025"/>
  <testcase classname="br.com.contmatic.cliente.CadastroTest" name="deve_verificar_igualdade_de_classes_null" time="0.025"/>
  <testcase classname="br.com.contmatic.cliente.CadastroTest" name="deve_armazenar_entrada_de_dados_de_nome_incorreto_menor_que_2_simulando_o_comportamento_do_usuario" time="0.03"/>
  <testcase classname="br.com.contmatic.cliente.CadastroTest" name="deve_armazenar_entrada_de_senha_somente_numeros" time="0.02"/>
  <testcase classname="br.com.contmatic.cliente.CadastroTest" name="deve_simuloar_entrada_usuario_no_email_sem_o_ponto" time="0.027"/>
  <testcase classname="br.com.contmatic.cliente.CadastroTest" name="deve_verificar_cpf_not_null" time="0.03"/>
  <testcase classname="br.com.contmatic.cliente.CadastroTest" name="deve_armazenar_entrada_de_dados_cpf_empty" time="0.03"/>
  <testcase classname="br.com.contmatic.cliente.CadastroTest" name="deve_armazenar_entrada_de_senha_somente_letras" time="0.023"/>
  <testcase classname="br.com.contmatic.cliente.CadastroTest" name="deve_armazenar_entrada_de_dados_de_nome_incorreto_maior_que_50_simulando_o_comportamento_do_usuario" time="0.022"/>
  <testcase classname="br.com.contmatic.cliente.CadastroTest" name="deve_armazenar_entrada_de_dados_de_nome_correto_com_no_minimo_2_letras_simulando_o_comportamento_do_usuario" time="0.029"/>
  <testcase classname="br.com.contmatic.cliente.CadastroTest" name="deve_armazenar_entrada_de_dados_cpf" time="0.023"/>
  <testcase classname="br.com.contmatic.cliente.CadastroTest" name="deve_verificar_rg_sem_acentuação" time="0.028"/>
  <testcase classname="br.com.contmatic.cliente.CadastroTest" name="deve_verificar_igualdade_de_classes_ocm_novo_objeto" time="0.024"/>
  <testcase classname="br.com.contmatic.cliente.CadastroTest" name="deve_verificar_desigualdade_de_classes" time="0.049"/>
  <testcase classname="br.com.contmatic.cliente.CadastroTest" name="deve_verificar_entrada_senha" time="0.028"/>
  <testcase classname="br.com.contmatic.cliente.CadastroTest" name="deve_simuloar_entrada_usuario_no_email_com_dominio_especial" time="0.031"/>
  <testcase classname="br.com.contmatic.cliente.CadastroTest" name="deve_conferir_saida_email_to_string" time="0.025"/>
  <testcase classname="br.com.contmatic.cliente.CadastroTest" name="deve_simuloar_entrada_usuario_no_email_com_espaço" time="0.027"/>
  <testcase classname="br.com.contmatic.cliente.CadastroTest" name="deve_simuloar_entrada_usuario_no_email_com_dominio_numerico" time="0.024"/>
  <testcase classname="br.com.contmatic.cliente.CadastroTest" name="deve_armazenar_entrada_de_dados_de_nome_com_caracteres_especiais" time="0.019"/>
  <testcase classname="br.com.contmatic.cliente.CadastroTest" name="deve_verificar_igualdade_de_classes" time="0.018"/>
  <testcase classname="br.com.contmatic.cliente.CadastroTest" name="deve_verificar_rg_nulo" time="0.021"/>
  <testcase classname="br.com.contmatic.cliente.CadastroTest" name="deve_verificar_igualdade_de_classes_hashcode" time="0.033"/>
  <testcase classname="br.com.contmatic.cliente.CadastroTest" name="deve_armazenar_entrada_de_dados_cpf_com_acentuação" time="0.024"/>
  <testcase classname="br.com.contmatic.cliente.CadastroTest" name="deve_verificar_se_nome_contem_numerico" time="0.019"/>
  <testcase classname="br.com.contmatic.cliente.CadastroTest" name="deve_armazenar_entrada_de_dados_cpf_com_os_digitos_verificadores_incorretos" time="0.021"/>
  <testcase classname="br.com.contmatic.cliente.CadastroTest" name="deve_armazenar_entrada_de_dados_de_nome_com_caracteres_especiais_e_numeros" time="0.018"/>
  <testcase classname="br.com.contmatic.cliente.CadastroTest" name="deve_verificar_rg_incompleto" time="0.026"/>
</testsuite>