<?xml version="1.0" encoding="UTF-8" ?>
<testsuite tests="201" failures="0" name="br.com.contmatic.empresa.TestAllClass" time="6.184" errors="0" skipped="0">
  <properties>
[...]
</properties>
  <testcase classname="br.com.contmatic.empresa.EmpresaTest" name="deve_armazenar_nome_completo_proprietario_vazio" time="0.044"/>
  <testcase classname="br.com.contmatic.empresa.EmpresaTest" name="deve_verificar_razao_social_vazia" time="0.045"/>
  <testcase classname="br.com.contmatic.empresa.EmpresaTest" name="deve_armazenar_nome_completo_proprietario_com_numeros" time="0.068"/>
  <testcase classname="br.com.contmatic.empresa.EmpresaTest" name="deve_verificar_razao_social_com_especiais_e_numeros" time="0.052"/>
  <testcase classname="br.com.contmatic.empresa.EmpresaTest" name="deve_conferir_saida_nome_to_string" time="0.051"/>
  <testcase classname="br.com.contmatic.empresa.EmpresaTest" name="deve_verificar_nome_blank" time="0.047"/>
  <testcase classname="br.com.contmatic.empresa.EmpresaTest" name="deve_armazenar_entrada_de_dados_razao_social_com_especos_apenas" time="0.045"/>
  <testcase classname="br.com.contmatic.empresa.EmpresaTest" name="deve_verificar_construtor_com_dados_iguais" time="0.088"/>
  <testcase classname="br.com.contmatic.empresa.EmpresaTest" name="deve_verificar_proprietarios_incompleto" time="0.051"/>
  <testcase classname="br.com.contmatic.empresa.EmpresaTest" name="deve_verificar_endereco_gerados_com_objetos_fake" time="0.048"/>
  <testcase classname="br.com.contmatic.empresa.EmpresaTest" name="deve_verificar_dados_gerados_razao_social_com_objetos_fake" time="0.045"/>
  <testcase classname="br.com.contmatic.empresa.EmpresaTest" name="deve_comparar_as_classes_diferentes_equals" time="0.082"/>
  <testcase classname="br.com.contmatic.empresa.EmpresaTest" name="deve_verificar_proprietarios_nulo" time="0.047"/>
  <testcase classname="br.com.contmatic.empresa.EmpresaTest" name="deve_armazenar_entrada_de_dados_telefones" time="0.043"/>
  <testcase classname="br.com.contmatic.empresa.EmpresaTest" name="deve_verificar_endereco_correto" time="0.046"/>
  <testcase classname="br.com.contmatic.empresa.EmpresaTest" name="deve_armazenar_entrada_de_dados_razao_social_com_numeros_letras" time="0.046"/>
  <testcase classname="br.com.contmatic.empresa.EmpresaTest" name="deve_verificar_construtor_da_classe_com_os_mesmos_dados" time="0.042"/>
  <testcase classname="br.com.contmatic.empresa.EmpresaTest" name="deve_verificar_cnpj_valido_simulado_com_entrada_de_dados" time="0.047"/>
  <testcase classname="br.com.contmatic.empresa.EmpresaTest" name="deve_verificar_cnpj_nulo" time="0.046"/>
  <testcase classname="br.com.contmatic.empresa.EmpresaTest" name="deve_verificar_cnpj_empty" time="0.046"/>
  <testcase classname="br.com.contmatic.empresa.EmpresaTest" name="deve_verificar_nome_com_numeros" time="0.045"/>
  <testcase classname="br.com.contmatic.empresa.EmpresaTest" name="deve_armazenar_nome_completo_proprietario_com_especiais" time="0.051"/>
  <testcase classname="br.com.contmatic.empresa.EmpresaTest" name="deve_verificar_proprietarios_com_entrada_numerica" time="0.046"/>
  <testcase classname="br.com.contmatic.empresa.EmpresaTest" name="deve_verificar_classes_iguais_com_novo_objeto" time="0.045"/>
  <testcase classname="br.com.contmatic.empresa.EmpresaTest" name="deve_conferir_saida_proprietarios_to_string" time="0.068"/>
  <testcase classname="br.com.contmatic.empresa.EmpresaTest" name="deve_verificar_nome_null" time="0.047"/>
  <testcase classname="br.com.contmatic.empresa.EmpresaTest" name="deve_conferir_saida_razao_social_to_string" time="0.043"/>
  <testcase classname="br.com.contmatic.empresa.EmpresaTest" name="deve_setar_entrada_nome_empresa_simulando_entrada_do_usuario" time="0.054"/>
  <testcase classname="br.com.contmatic.empresa.EmpresaTest" name="deve_verificar_proprietarios_vazioa" time="0.056"/>
  <testcase classname="br.com.contmatic.empresa.EmpresaTest" name="deve_validar_cnpj_iguais" time="0.043"/>
  <testcase classname="br.com.contmatic.empresa.EmpresaTest" name="deve_conferir_saida_cnpj_to_string" time="0.041"/>
  <testcase classname="br.com.contmatic.empresa.EmpresaTest" name="deve_verificar_razao_social_com_sem_espaco" time="0.045"/>
  <testcase classname="br.com.contmatic.empresa.EmpresaTest" name="deve_aceitar_entrada_proprietario_not_null_gerado_com_objeto_fake" time="0.042"/>
  <testcase classname="br.com.contmatic.empresa.EmpresaTest" name="deve_armazenar_endereco_nulo" time="0.043"/>
  <testcase classname="br.com.contmatic.empresa.EmpresaTest" name="deve_verificar_telefone_correto" time="0.044"/>
  <testcase classname="br.com.contmatic.empresa.EmpresaTest" name="deve_armazenar_nome_completo_proprietario_simulado_com_entrada_de_dados" time="0.046"/>
  <testcase classname="br.com.contmatic.empresa.EmpresaTest" name="deve_verificar_igualdade_de_classes_null" time="0.043"/>
  <testcase classname="br.com.contmatic.empresa.EmpresaTest" name="deve_setar_endereco_simulando_entrada_de_dados_com_objetos_fake" time="0.064"/>
  <testcase classname="br.com.contmatic.empresa.EmpresaTest" name="deve_verificar_nome_somente_letras" time="0.049"/>
  <testcase classname="br.com.contmatic.empresa.EmpresaTest" name="deve_verificar_razao_social_com_numeros" time="0.044"/>
  <testcase classname="br.com.contmatic.empresa.EmpresaTest" name="deve_armazenar_entrada_de_dados_razao_social_com_especiais" time="0.044"/>
  <testcase classname="br.com.contmatic.empresa.EmpresaTest" name="deve_verificar_cnpj_com_acentuação" time="0.054"/>
  <testcase classname="br.com.contmatic.empresa.EmpresaTest" name="deve_verificar_cnpj_valido_gerado_pelo_objeto_fake" time="0.053"/>
  <testcase classname="br.com.contmatic.empresa.EmpresaTest" name="deve_armazenar_nome_completo_proprietario_nulo" time="0.045"/>
  <testcase classname="br.com.contmatic.empresa.EmpresaTest" name="deve_armazenar_entrada_de_dados_razao_social" time="0.044"/>
  <testcase classname="br.com.contmatic.empresa.EmpresaTest" name="deve_verificar_razao_social_com_especiais" time="0.045"/>
  <testcase classname="br.com.contmatic.empresa.EmpresaTest" name="deve_verificar_razao_social_completa" time="0.044"/>
  <testcase classname="br.com.contmatic.empresa.EmpresaTest" name="deve_verificar_cnpj_invalido_com_letras_e_numeros" time="0.044"/>
  <testcase classname="br.com.contmatic.empresa.EmpresaTest" name="deve_armazenar_entrada_nome_empresa_com_objeto_fake" time="0.045"/>
  <testcase classname="br.com.contmatic.empresa.EmpresaTest" name="deve_conferir_saida_telefone_to_string" time="0.056"/>
  <testcase classname="br.com.contmatic.empresa.EmpresaTest" name="deve_conferir_saida_endereco_to_string" time="0.05"/>
  <testcase classname="br.com.contmatic.empresa.EmpresaTest" name="deve_verificar_cnpj_invalido_com_numeros_incompletos" time="0.044"/>
  <testcase classname="br.com.contmatic.empresa.EmpresaTest" name="deve_verificar_razao_social_nula" time="0.044"/>
  <testcase classname="br.com.contmatic.empresa.EmpresaTest" name="deve_verificar_cnpj_invalido_com_especiais" time="0.045"/>
  <testcase classname="br.com.contmatic.empresa.EmpresaTest" name="deve_verificar_endereco_nulo" time="0.043"/>
  <testcase classname="br.com.contmatic.empresa.EmpresaTest" name="deve_verificar_proprietarios_com_entrada_valida" time="0.043"/>
  <testcase classname="br.com.contmatic.empresa.EmpresaTest" name="deve_verificar_razao_social_incompleta" time="0.046"/>
  <testcase classname="br.com.contmatic.empresa.EmpresaTest" name="deve_comparar_as_classes_diferentes_hashcode" time="0.089"/>
  <testcase classname="br.com.contmatic.empresa.FuncionarioTest" name="deve_conferir_saida_cargo_to_string" time="0"/>
  <testcase classname="br.com.contmatic.empresa.FuncionarioTest" name="deve_verificar_objeto_das_classes" time="0.034"/>
  <testcase classname="br.com.contmatic.empresa.FuncionarioTest" name="deve_verificar_cargo_to_string" time="0.016"/>
  <testcase classname="br.com.contmatic.empresa.FuncionarioTest" name="deve_comparar_objetos_da_classe" time="0.017"/>
  <testcase classname="br.com.contmatic.empresa.FuncionarioTest" name="deve_conferir_saida_nome_to_string" time="0"/>
  <testcase classname="br.com.contmatic.empresa.FuncionarioTest" name="deve_verificar_nome_to_string" time="0.019"/>
  <testcase classname="br.com.contmatic.empresa.FuncionarioTest" name="deve_verificar_nome_com_entrada_especial" time="0.019"/>
  <testcase classname="br.com.contmatic.empresa.FuncionarioTest" name="deve_verificar_cargo_atendente_simulando_entrada_de_dados_do_usuario" time="0.021"/>
  <testcase classname="br.com.contmatic.empresa.FuncionarioTest" name="deve_verificar_nome_com_entrada_numerica" time="0.032"/>
  <testcase classname="br.com.contmatic.empresa.FuncionarioTest" name="verifica_classes_iguais_hashcode" time="0.017"/>
  <testcase classname="br.com.contmatic.empresa.FuncionarioTest" name="deve_verificar_nome_com_entrada_nula" time="0.02"/>
  <testcase classname="br.com.contmatic.empresa.FuncionarioTest" name="deve_comparar_dados_do_construtor" time="0"/>
  <testcase classname="br.com.contmatic.empresa.FuncionarioTest" name="deve_setar_salario_nulo" time="0.024"/>
  <testcase classname="br.com.contmatic.empresa.FuncionarioTest" name="deve_verificar_classes_iguais" time="0.016"/>
  <testcase classname="br.com.contmatic.empresa.FuncionarioTest" name="deve_verificar_cargo_especiais" time="0.02"/>
  <testcase classname="br.com.contmatic.empresa.FuncionarioTest" name="deve_conferir_saida_codigo_to_string" time="0"/>
  <testcase classname="br.com.contmatic.empresa.FuncionarioTest" name="deve_armazenar_salario_gerado_com_objetos_fake" time="0.018"/>
  <testcase classname="br.com.contmatic.empresa.FuncionarioTest" name="deve_verificar_cargo_auxiliar_simulando_entrada_de_dados_do_usuario" time="0.019"/>
  <testcase classname="br.com.contmatic.empresa.FuncionarioTest" name="deve_verificar_cargo_gerados_com_objetos_fake" time="0.017"/>
  <testcase classname="br.com.contmatic.empresa.FuncionarioTest" name="deve_verificar_codigo_0" time="0.017"/>
  <testcase classname="br.com.contmatic.empresa.FuncionarioTest" name="deve_verificar_nome_simulando_entrada_de_dados_do_usuario" time="0.018"/>
  <testcase classname="br.com.contmatic.empresa.FuncionarioTest" name="deve_verificar_salario_to_string" time="0.014"/>
  <testcase classname="br.com.contmatic.empresa.FuncionarioTest" name="deve_verificar_se_a_classe_contem_dados_nulos" time="0.015"/>
  <testcase classname="br.com.contmatic.empresa.FuncionarioTest" name="deve_conferir_saida_salario_to_string" time="0"/>
  <testcase classname="br.com.contmatic.empresa.FuncionarioTest" name="deve_setar_salario_simulando_entrada_de_dados" time="0.018"/>
  <testcase classname="br.com.contmatic.empresa.FuncionarioTest" name="deve_verificar_cargo_tecnico_simulando_entrada_de_dados_do_usuario" time="0.022"/>
  <testcase classname="br.com.contmatic.empresa.FuncionarioTest" name="deve_verificar_nome_com_entrada_blank" time="0.021"/>
  <testcase classname="br.com.contmatic.empresa.FuncionarioTest" name="deve_verificar_cargo_nuloo" time="0.021"/>
  <testcase classname="br.com.contmatic.empresa.FuncionarioTest" name="deve_verificar_cargo_vazio" time="0.02"/>
  <testcase classname="br.com.contmatic.empresa.FuncionarioTest" name="deve_verificar_nome_gerado_com_objetos_fake" time="0.021"/>
  <testcase classname="br.com.contmatic.empresa.FuncionarioTest" name="deve_verificar_classes_iguais_com_equals" time="0.034"/>
  <testcase classname="br.com.contmatic.empresa.FuncionarioTest" name="deve_verificar_nome_incompleto" time="0.023"/>
  <testcase classname="br.com.contmatic.empresa.FuncionarioTest" name="deve_verificar_codigo_to_string" time="0.024"/>
  <testcase classname="br.com.contmatic.empresa.FuncionarioTest" name="deve_armazenar_codigo_simulado_com_entrada_de_dados" time="0.022"/>
  <testcase classname="br.com.contmatic.empresa.FuncionarioTest" name="deve_verificar_cargo_numerico" time="0.026"/>
  <testcase classname="br.com.contmatic.empresa.FuncionarioTest" name="deve_armazenar_codigo_gerados_aleatoriamente_com_objetos_fake" time="0.024"/>
  <testcase classname="br.com.contmatic.empresa.FuncionarioTest" name="deve_verificar_nome_com_entrada_somente_numeros" time="0.023"/>
  <testcase classname="br.com.contmatic.cliente.CadastroTest" name="deve_simuloar_entrada_usuario_no_email_sem_user" time="0.022"/>
  <testcase classname="br.com.contmatic.cliente.CadastroTest" name="deve_armazenar_entrada_de_senha_vazia" time="0.02"/>
  <testcase classname="br.com.contmatic.cliente.CadastroTest" name="deve_armazenar_entrada_de_dados_rg" time="0.019"/>
  <testcase classname="br.com.contmatic.cliente.CadastroTest" name="deve_conferir_saida_rg_to_string" time="0.016"/>
  <testcase classname="br.com.contmatic.cliente.CadastroTest" name="deve_conferir_saida_nome_to_string" time="0.018"/>
  <testcase classname="br.com.contmatic.cliente.CadastroTest" name="deve_armazenar_entrada_de_senha" time="0.018"/>
  <testcase classname="br.com.contmatic.cliente.CadastroTest" name="deve_simuloar_entrada_usuario_no_email_com_caracteres_especiais" time="0.02"/>
  <testcase classname="br.com.contmatic.cliente.CadastroTest" name="deve_armazenar_entrada_de_dados_cpf_com_letras" time="0.019"/>
  <testcase classname="br.com.contmatic.cliente.CadastroTest" name="deve_simuloar_entrada_usuario_no_email_sem_com_br" time="0.02"/>
  <testcase classname="br.com.contmatic.cliente.CadastroTest" name="deve_simuloar_entrada_usuario_no_email" time="0.021"/>
  <testcase classname="br.com.contmatic.cliente.CadastroTest" name="deve_armazenar_entrada_de_dados_cpf_nulo" time="0.019"/>
  <testcase classname="br.com.contmatic.cliente.CadastroTest" name="deve_armazenar_entrada_de_senha_somente_especiais" time="0.019"/>
  <testcase classname="br.com.contmatic.cliente.CadastroTest" name="deve_verificar_construtor_da_classe_com_os_mesmos_dados" time="0.025"/>
  <testcase classname="br.com.contmatic.cliente.CadastroTest" name="deve_conferir_saida_senha_to_string" time="0.025"/>
  <testcase classname="br.com.contmatic.cliente.CadastroTest" name="deve_simuloar_entrada_usuario_no_email_sem_o_com" time="0.021"/>
  <testcase classname="br.com.contmatic.cliente.CadastroTest" name="deve_armazenar_entrada_de_dados_de_email_correto_simulando_o_comportamento_do_usuario" time="0.02"/>
  <testcase classname="br.com.contmatic.cliente.CadastroTest" name="deve_armazenar_entrada_de_dados_de_nome_correto_simulando_o_comportamento_do_usuario" time="0.019"/>
  <testcase classname="br.com.contmatic.cliente.CadastroTest" name="deve_armazenar_entrada_de_dados_de_nome_correto_menor_que_50_simulando_o_comportamento_do_usuario" time="0.018"/>
  <testcase classname="br.com.contmatic.cliente.CadastroTest" name="deve_armazenar_entrada_de_dados_de_email" time="0.019"/>
  <testcase classname="br.com.contmatic.cliente.CadastroTest" name="deve_verificar_rg_correto" time="0.018"/>
  <testcase classname="br.com.contmatic.cliente.CadastroTest" name="deve_simuloar_entrada_usuario_no_email_sem_dominio" time="0.018"/>
  <testcase classname="br.com.contmatic.cliente.CadastroTest" name="deve_conferir_saida_cpf_to_string" time="0.016"/>
  <testcase classname="br.com.contmatic.cliente.CadastroTest" name="deve_armazenar_entrada_de_dados_de_nome_incorreto_blank_simulando_o_comportamento_do_usuario" time="0.018"/>
  <testcase classname="br.com.contmatic.cliente.CadastroTest" name="deve_invalidar_caso_nome_null" time="0.019"/>
  <testcase classname="br.com.contmatic.cliente.CadastroTest" name="deve_armazenar_entrada_de_senha_nula" time="0.018"/>
  <testcase classname="br.com.contmatic.cliente.CadastroTest" name="deve_armazenar_entrada_de_dados_cpf_sem_os_digitos_verificadores" time="0.019"/>
  <testcase classname="br.com.contmatic.cliente.CadastroTest" name="deve_armazenar_entrada_de_dados_cpf_com_especiais" time="0.019"/>
  <testcase classname="br.com.contmatic.cliente.CadastroTest" name="deve_simuloar_entrada_usuario_no_email_maiusculo" time="0.018"/>
  <testcase classname="br.com.contmatic.cliente.CadastroTest" name="deve_simuloar_entrada_usuario_no_email_vazio" time="0.019"/>
  <testcase classname="br.com.contmatic.cliente.CadastroTest" name="deve_simuloar_entrada_usuario_no_email_nulo" time="0.019"/>
  <testcase classname="br.com.contmatic.cliente.CadastroTest" name="deve_verificar_igualdade_de_classes_null" time="0.015"/>
  <testcase classname="br.com.contmatic.cliente.CadastroTest" name="deve_armazenar_entrada_de_dados_de_nome_incorreto_menor_que_2_simulando_o_comportamento_do_usuario" time="0.018"/>
  <testcase classname="br.com.contmatic.cliente.CadastroTest" name="deve_armazenar_entrada_de_senha_somente_numeros" time="0.018"/>
  <testcase classname="br.com.contmatic.cliente.CadastroTest" name="deve_simuloar_entrada_usuario_no_email_sem_o_ponto" time="0.018"/>
  <testcase classname="br.com.contmatic.cliente.CadastroTest" name="deve_verificar_cpf_not_null" time="0.018"/>
  <testcase classname="br.com.contmatic.cliente.CadastroTest" name="deve_armazenar_entrada_de_dados_cpf_empty" time="0.019"/>
  <testcase classname="br.com.contmatic.cliente.CadastroTest" name="deve_armazenar_entrada_de_senha_somente_letras" time="0.018"/>
  <testcase classname="br.com.contmatic.cliente.CadastroTest" name="deve_armazenar_entrada_de_dados_de_nome_incorreto_maior_que_50_simulando_o_comportamento_do_usuario" time="0.019"/>
  <testcase classname="br.com.contmatic.cliente.CadastroTest" name="deve_armazenar_entrada_de_dados_de_nome_correto_com_no_minimo_2_letras_simulando_o_comportamento_do_usuario" time="0.021"/>
  <testcase classname="br.com.contmatic.cliente.CadastroTest" name="deve_armazenar_entrada_de_dados_cpf" time="0.021"/>
  <testcase classname="br.com.contmatic.cliente.CadastroTest" name="deve_verificar_rg_sem_acentuação" time="0.021"/>
  <testcase classname="br.com.contmatic.cliente.CadastroTest" name="deve_verificar_igualdade_de_classes_ocm_novo_objeto" time="0.018"/>
  <testcase classname="br.com.contmatic.cliente.CadastroTest" name="deve_verificar_desigualdade_de_classes" time="0.033"/>
  <testcase classname="br.com.contmatic.cliente.CadastroTest" name="deve_verificar_entrada_senha" time="0.018"/>
  <testcase classname="br.com.contmatic.cliente.CadastroTest" name="deve_simuloar_entrada_usuario_no_email_com_dominio_especial" time="0.019"/>
  <testcase classname="br.com.contmatic.cliente.CadastroTest" name="deve_conferir_saida_email_to_string" time="0.015"/>
  <testcase classname="br.com.contmatic.cliente.CadastroTest" name="deve_simuloar_entrada_usuario_no_email_com_espaço" time="0.019"/>
  <testcase classname="br.com.contmatic.cliente.CadastroTest" name="deve_simuloar_entrada_usuario_no_email_com_dominio_numerico" time="0.018"/>
  <testcase classname="br.com.contmatic.cliente.CadastroTest" name="deve_armazenar_entrada_de_dados_de_nome_com_caracteres_especiais" time="0.019"/>
  <testcase classname="br.com.contmatic.cliente.CadastroTest" name="deve_verificar_igualdade_de_classes" time="0.015"/>
  <testcase classname="br.com.contmatic.cliente.CadastroTest" name="deve_verificar_rg_nulo" time="0.02"/>
  <testcase classname="br.com.contmatic.cliente.CadastroTest" name="deve_verificar_igualdade_de_classes_hashcode" time="0.032"/>
  <testcase classname="br.com.contmatic.cliente.CadastroTest" name="deve_armazenar_entrada_de_dados_cpf_com_acentuação" time="0.018"/>
  <testcase classname="br.com.contmatic.cliente.CadastroTest" name="deve_verificar_se_nome_contem_numerico" time="0.018"/>
  <testcase classname="br.com.contmatic.cliente.CadastroTest" name="deve_armazenar_entrada_de_dados_cpf_com_os_digitos_verificadores_incorretos" time="0.018"/>
  <testcase classname="br.com.contmatic.cliente.CadastroTest" name="deve_armazenar_entrada_de_dados_de_nome_com_caracteres_especiais_e_numeros" time="0.018"/>
  <testcase classname="br.com.contmatic.cliente.CadastroTest" name="deve_verificar_rg_incompleto" time="0.018"/>
  <testcase classname="br.com.contmatic.telefone.TelefoneTest" name="deve_armazenar_ramal_gerado_aleatoriamente_com_objetos_fake" time="0.055"/>
  <testcase classname="br.com.contmatic.telefone.TelefoneTest" name="deve_armazenar_numero_com_caractere" time="0.052"/>
  <testcase classname="br.com.contmatic.telefone.TelefoneTest" name="deve_armazenar_tipo_gerado_aleatoriamente_com_objetos_fake" time="0.051"/>
  <testcase classname="br.com.contmatic.telefone.TelefoneTest" name="deve_verificar_ramal_nulo" time="0.051"/>
  <testcase classname="br.com.contmatic.telefone.TelefoneTest" name="deve_armazenar_numero_gerado_automaticamente_com_objetos_fake" time="0.052"/>
  <testcase classname="br.com.contmatic.telefone.TelefoneTest" name="deve_armazenar_ddd" time="0.056"/>
  <testcase classname="br.com.contmatic.telefone.TelefoneTest" name="deve_verificar_tipo_nulo" time="0.063"/>
  <testcase classname="br.com.contmatic.telefone.TelefoneTest" name="deve_setar_tipo_manualmente_simulando_entrada_de_dados_usuario" time="0.057"/>
  <testcase classname="br.com.contmatic.telefone.TelefoneTest" name="deve_armazenar_numero_null" time="0.051"/>
  <testcase classname="br.com.contmatic.telefone.TelefoneTest" name="deve_verificar_ramal_vazio" time="0.051"/>
  <testcase classname="br.com.contmatic.telefone.TelefoneTest" name="deve_setar_telefone_manualmente_simulando_entrada_de_dados_usuario" time="0.051"/>
  <testcase classname="br.com.contmatic.telefone.TelefoneTest" name="deve_armazenar_numero_com_caractere_e_numeros" time="0.055"/>
  <testcase classname="br.com.contmatic.telefone.TelefoneTest" name="deve_armazenar_ddd_nulo" time="0.051"/>
  <testcase classname="br.com.contmatic.telefone.TelefoneTest" name="deve_setar_ramal_simulando_entrada_de_dados_usuario" time="0.051"/>
  <testcase classname="br.com.contmatic.telefone.TelefoneTest" name="deve_armazenar_numero_invalido" time="0.054"/>
  <testcase classname="br.com.contmatic.telefone.TelefoneTest" name="deve_armazenar_numero_vazio" time="0.052"/>
  <testcase classname="br.com.contmatic.endereco.EnderecoTest" name="deve_verificar_saida_tipo" time="0.017"/>
  <testcase classname="br.com.contmatic.endereco.EnderecoTest" name="deve_armazenar_bairro_simulando_entrada_de_dados_do_usuario" time="0.019"/>
  <testcase classname="br.com.contmatic.endereco.EnderecoTest" name="deve_verificar_bairro_nulo" time="0.019"/>
  <testcase classname="br.com.contmatic.endereco.EnderecoTest" name="deve_setar_cep_simulando_entrada_de_dados_do_usuario" time="0.02"/>
  <testcase classname="br.com.contmatic.endereco.EnderecoTest" name="deve_verificar_tipo_nulo" time="0.021"/>
  <testcase classname="br.com.contmatic.endereco.EnderecoTest" name="deve_armazenar_rua_gerada_aleatoriamente_com_os_objetos_fake" time="0.022"/>
  <testcase classname="br.com.contmatic.endereco.EnderecoTest" name="deve_verificar_cep_incompleto" time="0.02"/>
  <testcase classname="br.com.contmatic.endereco.EnderecoTest" name="deve_armazenar_regiao_gerado_com_objetos_fake" time="0.023"/>
  <testcase classname="br.com.contmatic.endereco.EnderecoTest" name="deve_verificar_rua_numerica" time="0.023"/>
  <testcase classname="br.com.contmatic.endereco.EnderecoTest" name="deve_setar_numero_simulando_entrada_de_dados_do_usuario" time="0.021"/>
  <testcase classname="br.com.contmatic.endereco.EnderecoTest" name="deve_verificar_saida_bairro" time="0.016"/>
  <testcase classname="br.com.contmatic.endereco.EnderecoTest" name="deve_armazenar_numero_gerado_aleatoriamente_com_objetos_fake" time="0.019"/>
  <testcase classname="br.com.contmatic.endereco.EnderecoTest" name="deve_verificar_saida_numero" time="0.017"/>
  <testcase classname="br.com.contmatic.endereco.EnderecoTest" name="deve_verificar_saida_regiao" time="0.02"/>
  <testcase classname="br.com.contmatic.endereco.EnderecoTest" name="deve_verificar_regiao_simulando_entrada_de_dados_usuario" time="0.027"/>
  <testcase classname="br.com.contmatic.endereco.EnderecoTest" name="deve_verificar_cep_vazio" time="0.02"/>
  <testcase classname="br.com.contmatic.endereco.EnderecoTest" name="deve_armazenar_bairro_gerado_com_objetos_fake" time="0.022"/>
  <testcase classname="br.com.contmatic.endereco.EnderecoTest" name="deve_verificar_cep_nulo" time="0.02"/>
  <testcase classname="br.com.contmatic.endereco.EnderecoTest" name="deve_armazenar_tipo_gerado_sorteado_com_objetos_fake" time="0.019"/>
  <testcase classname="br.com.contmatic.endereco.EnderecoTest" name="deve_verificar_rua_vazia" time="0.019"/>
  <testcase classname="br.com.contmatic.endereco.EnderecoTest" name="deve_armazenar_tipo_setado_diretamente_simulando_entrada_de_dados_do_usuario" time="0.019"/>
  <testcase classname="br.com.contmatic.endereco.EnderecoTest" name="deve_comparar_as_classes_com_equals" time="0.033"/>
  <testcase classname="br.com.contmatic.endereco.EnderecoTest" name="deve_verificar_numero_maior_que_um" time="0.019"/>
  <testcase classname="br.com.contmatic.endereco.EnderecoTest" name="deve_verificar_regiao_numerico" time="0.02"/>
  <testcase classname="br.com.contmatic.endereco.EnderecoTest" name="deve_verificar_cep_com_letras" time="0.02"/>
  <testcase classname="br.com.contmatic.endereco.EnderecoTest" name="deve_verificar_saida_cep" time="0.017"/>
  <testcase classname="br.com.contmatic.endereco.EnderecoTest" name="deve_verificar_saida_rua" time="0.017"/>
  <testcase classname="br.com.contmatic.endereco.EnderecoTest" name="deve_comparar_as_classes_com_hashcode" time="0.034"/>
  <testcase classname="br.com.contmatic.endereco.EnderecoTest" name="deve_armazenar_rua_simulando_entrada_de_dados_do_usuario" time="0.02"/>
  <testcase classname="br.com.contmatic.endereco.EnderecoTest" name="deve_armazenar_cep_gerado_automaricamente_com_objetos_fake" time="0.021"/>
  <testcase classname="br.com.contmatic.endereco.EnderecoTest" name="deve_verificar_rua_nula" time="0.026"/>
  <testcase classname="br.com.contmatic.endereco.EnderecoTest" name="deve_verificar_regiao_nulo" time="0.022"/>
  <testcase classname="br.com.contmatic.endereco.EnderecoTest" name="deve_verificar_regiao_vazio" time="0.02"/>
</testsuite>