<?xml version="1.0" encoding="UTF-8" ?>
<testsuite tests="16" failures="0"
	name="br.com.contmatic.telefone.TelefoneTest" time="0.866" errors="0"
	skipped="0">
	<properties>
[...]
</properties>
	<testcase classname="br.com.contmatic.telefone.TelefoneTest"
		name="deve_armazenar_ramal_gerado_aleatoriamente_com_objetos_fake"
		time="0.05" />
	<testcase classname="br.com.contmatic.telefone.TelefoneTest"
		name="deve_armazenar_numero_com_caractere" time="0.058" />
	<testcase classname="br.com.contmatic.telefone.TelefoneTest"
		name="deve_armazenar_tipo_gerado_aleatoriamente_com_objetos_fake"
		time="0.061" />
	<testcase classname="br.com.contmatic.telefone.TelefoneTest"
		name="deve_verificar_ramal_nulo" time="0.063" />
	<testcase classname="br.com.contmatic.telefone.TelefoneTest"
		name="deve_armazenar_numero_gerado_automaticamente_com_objetos_fake"
		time="0.051" />
	<testcase classname="br.com.contmatic.telefone.TelefoneTest"
		name="deve_armazenar_ddd" time="0.051" />
	<testcase classname="br.com.contmatic.telefone.TelefoneTest"
		name="deve_verificar_tipo_nulo" time="0.051" />
	<testcase classname="br.com.contmatic.telefone.TelefoneTest"
		name="deve_setar_tipo_manualmente_simulando_entrada_de_dados_usuario"
		time="0.052" />
	<testcase classname="br.com.contmatic.telefone.TelefoneTest"
		name="deve_armazenar_numero_null" time="0.05" />
	<testcase classname="br.com.contmatic.telefone.TelefoneTest"
		name="deve_verificar_ramal_vazio" time="0.051" />
	<testcase classname="br.com.contmatic.telefone.TelefoneTest"
		name="deve_setar_telefone_manualmente_simulando_entrada_de_dados_usuario"
		time="0.053" />
	<testcase classname="br.com.contmatic.telefone.TelefoneTest"
		name="deve_armazenar_numero_com_caractere_e_numeros" time="0.052" />
	<testcase classname="br.com.contmatic.telefone.TelefoneTest"
		name="deve_armazenar_ddd_nulo" time="0.052" />
	<testcase classname="br.com.contmatic.telefone.TelefoneTest"
		name="deve_setar_ramal_simulando_entrada_de_dados_usuario"
		time="0.055" />
	<testcase classname="br.com.contmatic.telefone.TelefoneTest"
		name="deve_armazenar_numero_invalido" time="0.062" />
	<testcase classname="br.com.contmatic.telefone.TelefoneTest"
		name="deve_armazenar_numero_vazio" time="0.054" />
</testsuite>